# JRE version: Java(TM) SE Runtime Environment (8.0_73-b02) (build 1.8.0_73-b02)
# Java VM: Java HotSpot(TM) 64-Bit Server VM (25.73-b02 mixed mode bsd-amd64 compressed oops)
Heap:
 PSYoungGen      total 309248K, used 134495K [0x00000007aab00000, 0x00000007bfb80000, 0x00000007c0000000)
  eden space 274944K, 43% used [0x00000007aab00000,0x00000007b20677e0,0x00000007bb780000)
  from space 34304K, 41% used [0x00000007bda00000,0x00000007be7f05a8,0x00000007bfb80000)
  to   space 34816K, 0% used [0x00000007bb780000,0x00000007bb780000,0x00000007bd980000)
 ParOldGen       total 231424K, used 58477K [0x0000000780000000, 0x000000078e200000, 0x00000007aab00000)
  object space 231424K, 25% used [0x0000000780000000,0x000000078391b590,0x000000078e200000)
 Metaspace       used 110930K, capacity 114708K, committed 114836K, reserved 1148928K
  class space    used 13506K, capacity 14462K, committed 14484K, reserved 1048576K
GC Heap History (10 events):
Event: 351.786 GC heap before
{Heap before GC invocations=26 (full 3):
 PSYoungGen      total 310784K, used 42738K [0x00000007aab00000, 0x00000007c0000000, 0x00000007c0000000)
  eden space 272384K, 7% used [0x00000007aab00000,0x00000007abe96ac8,0x00000007bb500000)
  from space 38400K, 59% used [0x00000007bda80000,0x00000007bf0a5d70,0x00000007c0000000)
  to   space 38400K, 0% used [0x00000007bb500000,0x00000007bb500000,0x00000007bda80000)
 ParOldGen       total 204800K, used 50057K [0x0000000780000000, 0x000000078c800000, 0x00000007aab00000)
  object space 204800K, 24% used [0x0000000780000000,0x00000007830e25e8,0x000000078c800000)
 Metaspace       used 94823K, capacity 98168K, committed 98380K, reserved 1134592K
  class space    used 11826K, capacity 12591K, committed 12692K, reserved 1048576K
Event: 351.828 GC heap after
Heap after GC invocations=26 (full 3):
 PSYoungGen      total 310784K, used 23037K [0x00000007aab00000, 0x00000007c0000000, 0x00000007c0000000)
  eden space 272384K, 0% used [0x00000007aab00000,0x00000007aab00000,0x00000007bb500000)
  from space 38400K, 59% used [0x00000007bb500000,0x00000007bcb7f528,0x00000007bda80000)
  to   space 38400K, 0% used [0x00000007bda80000,0x00000007bda80000,0x00000007c0000000)
 ParOldGen       total 204800K, used 50065K [0x0000000780000000, 0x000000078c800000, 0x00000007aab00000)
  object space 204800K, 24% used [0x0000000780000000,0x00000007830e45e8,0x000000078c800000)
 Metaspace       used 94823K, capacity 98168K, committed 98380K, reserved 1134592K
  class space    used 11826K, capacity 12591K, committed 12692K, reserved 1048576K
}
Event: 351.828 GC heap before
{Heap before GC invocations=27 (full 4):
 PSYoungGen      total 310784K, used 23037K [0x00000007aab00000, 0x00000007c0000000, 0x00000007c0000000)
  eden space 272384K, 0% used [0x00000007aab00000,0x00000007aab00000,0x00000007bb500000)
  from space 38400K, 59% used [0x00000007bb500000,0x00000007bcb7f528,0x00000007bda80000)
  to   space 38400K, 0% used [0x00000007bda80000,0x00000007bda80000,0x00000007c0000000)
 ParOldGen       total 204800K, used 50065K [0x0000000780000000, 0x000000078c800000, 0x00000007aab00000)
  object space 204800K, 24% used [0x0000000780000000,0x00000007830e45e8,0x000000078c800000)
 Metaspace       used 94823K, capacity 98168K, committed 98380K, reserved 1134592K
  class space    used 11826K, capacity 12591K, committed 12692K, reserved 1048576K
Event: 352.179 GC heap after
Heap after GC invocations=27 (full 4):
 PSYoungGen      total 310784K, used 0K [0x00000007aab00000, 0x00000007c0000000, 0x00000007c0000000)
  eden space 272384K, 0% used [0x00000007aab00000,0x00000007aab00000,0x00000007bb500000)
  from space 38400K, 0% used [0x00000007bb500000,0x00000007bb500000,0x00000007bda80000)
  to   space 38400K, 0% used [0x00000007bda80000,0x00000007bda80000,0x00000007c0000000)
 ParOldGen       total 231424K, used 58461K [0x0000000780000000, 0x000000078e200000, 0x00000007aab00000)
  object space 231424K, 25% used [0x0000000780000000,0x0000000783917590,0x000000078e200000)
 Metaspace       used 88021K, capacity 90964K, committed 98380K, reserved 1134592K
  class space    used 10566K, capacity 11299K, committed 12692K, reserved 1048576K
}
Event: 354.938 GC heap before
{Heap before GC invocations=28 (full 4):
 PSYoungGen      total 310784K, used 272384K [0x00000007aab00000, 0x00000007c0000000, 0x00000007c0000000)
  eden space 272384K, 100% used [0x00000007aab00000,0x00000007bb500000,0x00000007bb500000)
  from space 38400K, 0% used [0x00000007bb500000,0x00000007bb500000,0x00000007bda80000)
  to   space 38400K, 0% used [0x00000007bda80000,0x00000007bda80000,0x00000007c0000000)
 ParOldGen       total 231424K, used 58461K [0x0000000780000000, 0x000000078e200000, 0x00000007aab00000)
  object space 231424K, 25% used [0x0000000780000000,0x0000000783917590,0x000000078e200000)
 Metaspace       used 93573K, capacity 96662K, committed 98380K, reserved 1134592K
  class space    used 11147K, capacity 11934K, committed 12692K, reserved 1048576K
Event: 354.953 GC heap after
Heap after GC invocations=28 (full 4):
 PSYoungGen      total 309760K, used 8008K [0x00000007aab00000, 0x00000007bff00000, 0x00000007c0000000)
  eden space 272384K, 0% used [0x00000007aab00000,0x00000007aab00000,0x00000007bb500000)
  from space 37376K, 21% used [0x00000007bda80000,0x00000007be252138,0x00000007bff00000)
  to   space 37888K, 0% used [0x00000007bb500000,0x00000007bb500000,0x00000007bda00000)
 ParOldGen       total 231424K, used 58461K [0x0000000780000000, 0x000000078e200000, 0x00000007aab00000)
  object space 231424K, 25% used [0x0000000780000000,0x0000000783917590,0x000000078e200000)
 Metaspace       used 93573K, capacity 96662K, committed 98380K, reserved 1134592K
  class space    used 11147K, capacity 11934K, committed 12692K, reserved 1048576K
}
Event: 437.979 GC heap before
{Heap before GC invocations=29 (full 4):
 PSYoungGen      total 309760K, used 280392K [0x00000007aab00000, 0x00000007bff00000, 0x00000007c0000000)
  eden space 272384K, 100% used [0x00000007aab00000,0x00000007bb500000,0x00000007bb500000)
  from space 37376K, 21% used [0x00000007bda80000,0x00000007be252138,0x00000007bff00000)
  to   space 37888K, 0% used [0x00000007bb500000,0x00000007bb500000,0x00000007bda00000)
 ParOldGen       total 231424K, used 58461K [0x0000000780000000, 0x000000078e200000, 0x00000007aab00000)
  object space 231424K, 25% used [0x0000000780000000,0x0000000783917590,0x000000078e200000)
 Metaspace       used 100304K, capacity 103810K, committed 103956K, reserved 1140736K
  class space    used 11879K, capacity 12774K, committed 12820K, reserved 1048576K
Event: 438.012 GC heap after
Heap after GC invocations=29 (full 4):
 PSYoungGen      total 310272K, used 18461K [0x00000007aab00000, 0x00000007bfd80000, 0x00000007c0000000)
  eden space 272384K, 0% used [0x00000007aab00000,0x00000007aab00000,0x00000007bb500000)
  from space 37888K, 48% used [0x00000007bb500000,0x00000007bc707760,0x00000007bda00000)
  to   space 36352K, 0% used [0x00000007bda00000,0x00000007bda00000,0x00000007bfd80000)
 ParOldGen       total 231424K, used 58469K [0x0000000780000000, 0x000000078e200000, 0x00000007aab00000)
  object space 231424K, 25% used [0x0000000780000000,0x0000000783919590,0x000000078e200000)
 Metaspace       used 100304K, capacity 103810K, committed 103956K, reserved 1140736K
  class space    used 11879K, capacity 12774K, committed 12820K, reserved 1048576K
}
Event: 497.093 GC heap before
{Heap before GC invocations=30 (full 4):
 PSYoungGen      total 310272K, used 290845K [0x00000007aab00000, 0x00000007bfd80000, 0x00000007c0000000)
  eden space 272384K, 100% used [0x00000007aab00000,0x00000007bb500000,0x00000007bb500000)
  from space 37888K, 48% used [0x00000007bb500000,0x00000007bc707760,0x00000007bda00000)
  to   space 36352K, 0% used [0x00000007bda00000,0x00000007bda00000,0x00000007bfd80000)
 ParOldGen       total 231424K, used 58469K [0x0000000780000000, 0x000000078e200000, 0x00000007aab00000)
  object space 231424K, 25% used [0x0000000780000000,0x0000000783919590,0x000000078e200000)
 Metaspace       used 101007K, capacity 104596K, committed 104724K, reserved 1140736K
  class space    used 11915K, capacity 12815K, committed 12820K, reserved 1048576K
Event: 497.116 GC heap after
Heap after GC invocations=30 (full 4):
 PSYoungGen      total 309248K, used 14273K [0x00000007aab00000, 0x00000007bfb80000, 0x00000007c0000000)
  eden space 274944K, 0% used [0x00000007aab00000,0x00000007aab00000,0x00000007bb780000)
  from space 34304K, 41% used [0x00000007bda00000,0x00000007be7f05a8,0x00000007bfb80000)
  to   space 34816K, 0% used [0x00000007bb780000,0x00000007bb780000,0x00000007bd980000)
 ParOldGen       total 231424K, used 58477K [0x0000000780000000, 0x000000078e200000, 0x00000007aab00000)
  object space 231424K, 25% used [0x0000000780000000,0x000000078391b590,0x000000078e200000)
 Metaspace       used 101007K, capacity 104596K, committed 104724K, reserved 1140736K
  class space    used 11915K, capacity 12815K, committed 12820K, reserved 1048576K
}

